0 verbose cli /usr/bin/node /usr/bin/npm
1 info using npm@10.9.1
2 info using node@v22.23.0
3 silly config load:file:/usr/lib/node_modules/npm/npmrc
4 silly config load:file:/root/uibuilder/.npmrc
5 silly config load:file:/root/.npmrc
6 silly config load:file:/etc/npmrc
7 verbose title npm init
8 verbose argv "init" "--yes"
9 verbose logfile logs-max:10 dir:/root/.npm/_logs/2026-07-14T18_49_08_682Z-
10 verbose logfile /root/.npm/_logs/2026-07-14T18_49_08_682Z-debug-0.log
11 silly logfile start cleaning logs, removing 1 files
12 silly logfile done cleaning log files
13 silly package data {
13 silly package data   name: 'uibuilder',
13 silly package data   version: '1.0.0',
13 silly package data   main: 'sprint1_patch.js',
13 silly package data   scripts: { test: 'echo "Error: no test specified" && exit 1' },
13 silly package data   keywords: [],
13 silly package data   author: '',
13 silly package data   license: 'ISC',
13 silly package data   description: ''
13 silly package data }
14 verbose cwd /root/uibuilder
15 verbose os Linux 3.18.140-SIMPLE-KERNEL_V1.0
16 verbose node v22.23.0
17 verbose npm  v10.9.1
18 verbose exit 0
19 info ok
