0 verbose cli /usr/bin/node /usr/bin/npm
1 info using npm@10.9.1
2 info using node@v22.23.0
3 silly config load:file:/usr/lib/node_modules/npm/npmrc
4 silly config load:file:/root/uibuilder/.npmrc
5 silly config load:file:/root/.npmrc
6 silly config load:file:/etc/npmrc
7 verbose title npm install jsdom
8 verbose argv "install" "jsdom"
9 verbose logfile logs-max:10 dir:/root/.npm/_logs/2026-07-14T18_50_47_159Z-
10 verbose logfile /root/.npm/_logs/2026-07-14T18_50_47_159Z-debug-0.log
11 silly logfile start cleaning logs, removing 1 files
12 silly packumentCache heap:1531183104 maxSize:382795776 maxEntrySize:191397888
13 silly logfile done cleaning log files
14 silly idealTree buildDeps
15 silly fetch manifest jsdom@*
16 silly packumentCache full:https://registry.npmjs.org/jsdom cache-miss
17 http cache https://registry.npmjs.org/jsdom 85ms (cache hit)
18 silly packumentCache full:https://registry.npmjs.org/jsdom set size:1064917 disposed:false
19 silly fetch manifest canvas@^3.0.0
20 silly packumentCache full:https://registry.npmjs.org/canvas cache-miss
21 http cache https://registry.npmjs.org/canvas 26ms (cache hit)
22 silly packumentCache full:https://registry.npmjs.org/canvas set size:372046 disposed:false
23 silly placeDep ROOT jsdom@29.1.1 REPLACE for: uibuilder@1.0.0 want: *
24 silly reify mark retired [ '/root/uibuilder/node_modules/jsdom' ]
25 silly reify mark retired [
25 silly reify   '/root/uibuilder/node_modules/tldts',
25 silly reify   '/root/uibuilder/node_modules/.bin/tldts'
25 silly reify ]
26 silly reify mark retired [
26 silly reify   '/root/uibuilder/node_modules/@bramus/specificity',
26 silly reify   '/root/uibuilder/node_modules/.bin/specificity'
26 silly reify ]
27 silly reify moves {
27 silly reify   '/root/uibuilder/node_modules/jsdom': '/root/uibuilder/node_modules/.jsdom-vbEIYwW3',
27 silly reify   '/root/uibuilder/node_modules/tldts': '/root/uibuilder/node_modules/.tldts-ksK1rMho',
27 silly reify   '/root/uibuilder/node_modules/.bin/tldts': '/root/uibuilder/node_modules/.bin/.tldts-Fy7fGS2H',
27 silly reify   '/root/uibuilder/node_modules/@bramus/specificity': '/root/uibuilder/node_modules/@bramus/.specificity-t5yCztRY',
27 silly reify   '/root/uibuilder/node_modules/.bin/specificity': '/root/uibuilder/node_modules/.bin/.specificity-ZPPECtSa'
27 silly reify }
28 silly audit bulk request {
28 silly audit   'bidi-js': [ '1.0.3' ],
28 silly audit   'data-urls': [ '7.0.0' ],
28 silly audit   'decimal.js': [ '10.6.0' ],
28 silly audit   'html-encoding-sniffer': [ '6.0.0' ],
28 silly audit   'is-potential-custom-element-name': [ '1.0.1' ],
28 silly audit   'lru-cache': [ '11.5.2' ],
28 silly audit   'mdn-data': [ '2.27.1' ],
28 silly audit   parse5: [ '8.0.1' ],
28 silly audit   punycode: [ '2.3.1' ],
28 silly audit   'require-from-string': [ '2.0.2' ],
28 silly audit   saxes: [ '6.0.0' ],
28 silly audit   'source-map-js': [ '1.2.1' ],
28 silly audit   'symbol-tree': [ '3.2.4' ],
28 silly audit   tldts: [ '7.4.8' ],
28 silly audit   'tldts-core': [ '7.4.8' ],
28 silly audit   'tough-cookie': [ '6.0.2' ],
28 silly audit   tr46: [ '6.0.0' ],
28 silly audit   undici: [ '7.28.0' ],
28 silly audit   'w3c-xmlserializer': [ '5.0.0' ],
28 silly audit   'webidl-conversions': [ '8.0.1' ],
28 silly audit   'whatwg-mimetype': [ '5.0.0' ],
28 silly audit   'whatwg-url': [ '16.0.1' ],
28 silly audit   entities: [ '8.0.0' ],
28 silly audit   'xml-name-validator': [ '5.0.0' ],
28 silly audit   'css-tree': [ '3.2.1' ],
28 silly audit   xmlchars: [ '2.2.0' ],
28 silly audit   '@asamuzakjp/dom-selector': [ '7.1.1' ],
28 silly audit   '@csstools/css-calc': [ '3.2.1' ],
28 silly audit   '@csstools/css-color-parser': [ '4.1.9' ],
28 silly audit   '@csstools/css-syntax-patches-for-csstree': [ '1.1.6' ],
28 silly audit   '@csstools/css-tokenizer': [ '4.0.0' ],
28 silly audit   '@exodus/bytes': [ '1.15.1' ],
28 silly audit   '@csstools/css-parser-algorithms': [ '4.0.0' ],
28 silly audit   '@asamuzakjp/generational-cache': [ '1.0.1' ],
28 silly audit   '@csstools/color-helpers': [ '6.1.0' ],
28 silly audit   '@asamuzakjp/nwsapi': [ '2.3.9' ],
28 silly audit   '@asamuzakjp/css-color': [ '5.1.11' ],
28 silly audit   '@bramus/specificity': [ '2.4.2' ],
28 silly audit   jsdom: [ '29.1.1' ]
28 silly audit }
29 silly packumentCache corgi:https://registry.npmjs.org/tldts cache-miss
30 http cache jsdom@https://registry.npmjs.org/jsdom/-/jsdom-29.1.1.tgz 0ms (cache hit)
31 silly packumentCache corgi:https://registry.npmjs.org/@bramus%2fspecificity cache-miss
32 silly tarball no local data for jsdom@https://registry.npmjs.org/jsdom/-/jsdom-29.1.1.tgz. Extracting by manifest.
33 http fetch POST 200 https://registry.npmjs.org/-/npm/v1/security/advisories/bulk 854ms
34 silly audit report {}
35 http fetch GET 200 https://registry.npmjs.org/tldts 863ms (cache miss)
36 silly packumentCache corgi:https://registry.npmjs.org/tldts set size:undefined disposed:false
37 http fetch GET 200 https://registry.npmjs.org/@bramus%2fspecificity 932ms (cache miss)
38 silly packumentCache corgi:https://registry.npmjs.org/@bramus%2fspecificity set size:undefined disposed:false
39 http cache https://registry.npmjs.org/tldts/-/tldts-7.4.8.tgz 176ms (cache hit)
40 http cache https://registry.npmjs.org/@bramus/specificity/-/specificity-2.4.2.tgz 184ms (cache hit)
41 http fetch GET 200 https://registry.npmjs.org/jsdom/-/jsdom-29.1.1.tgz 3228ms (cache miss)
42 verbose stack Error: EPERM: operation not permitted, symlink '../@bramus/specificity/bin/cli.js' -> '/root/uibuilder/node_modules/.bin/specificity'
42 verbose stack     at async symlink (node:internal/fs/promises:1001:10)
42 verbose stack     at async Promise.all (index 0)
42 verbose stack     at async Promise.all (index 0)
42 verbose stack     at async #createBinLinks (/usr/lib/node_modules/npm/node_modules/@npmcli/arborist/lib/arborist/rebuild.js:394:5)
42 verbose stack     at async Promise.allSettled (index 0)
42 verbose stack     at async #linkAllBins (/usr/lib/node_modules/npm/node_modules/@npmcli/arborist/lib/arborist/rebuild.js:375:5)
42 verbose stack     at async #build (/usr/lib/node_modules/npm/node_modules/@npmcli/arborist/lib/arborist/rebuild.js:160:7)
42 verbose stack     at async Arborist.rebuild (/usr/lib/node_modules/npm/node_modules/@npmcli/arborist/lib/arborist/rebuild.js:62:5)
42 verbose stack     at async [reifyPackages] (/usr/lib/node_modules/npm/node_modules/@npmcli/arborist/lib/arborist/reify.js:325:11)
42 verbose stack     at async Arborist.reify (/usr/lib/node_modules/npm/node_modules/@npmcli/arborist/lib/arborist/reify.js:142:5)
43 error code EPERM
44 error syscall symlink
45 error path ../@bramus/specificity/bin/cli.js
46 error dest /root/uibuilder/node_modules/.bin/specificity
47 error errno -1
48 error Error: EPERM: operation not permitted, symlink '../@bramus/specificity/bin/cli.js' -> '/root/uibuilder/node_modules/.bin/specificity'
48 error     at async symlink (node:internal/fs/promises:1001:10)
48 error     at async Promise.all (index 0)
48 error     at async Promise.all (index 0)
48 error     at async #createBinLinks (/usr/lib/node_modules/npm/node_modules/@npmcli/arborist/lib/arborist/rebuild.js:394:5)
48 error     at async Promise.allSettled (index 0)
48 error     at async #linkAllBins (/usr/lib/node_modules/npm/node_modules/@npmcli/arborist/lib/arborist/rebuild.js:375:5)
48 error     at async #build (/usr/lib/node_modules/npm/node_modules/@npmcli/arborist/lib/arborist/rebuild.js:160:7)
48 error     at async Arborist.rebuild (/usr/lib/node_modules/npm/node_modules/@npmcli/arborist/lib/arborist/rebuild.js:62:5)
48 error     at async [reifyPackages] (/usr/lib/node_modules/npm/node_modules/@npmcli/arborist/lib/arborist/reify.js:325:11)
48 error     at async Arborist.reify (/usr/lib/node_modules/npm/node_modules/@npmcli/arborist/lib/arborist/reify.js:142:5) {
48 error   errno: -1,
48 error   code: 'EPERM',
48 error   syscall: 'symlink',
48 error   path: '../@bramus/specificity/bin/cli.js',
48 error   dest: '/root/uibuilder/node_modules/.bin/specificity'
48 error }
49 error
49 error The operation was rejected by your operating system.
49 error It is likely you do not have the permissions to access this file as the current user
49 error
49 error If you believe this might be a permissions issue, please double-check the
49 error permissions of the file and its containing directories, or try running
49 error the command again as root/Administrator.
50 silly unfinished npm timer reify 1784055052461
51 silly unfinished npm timer reify:build 1784055056630
52 silly unfinished npm timer build 1784055056633
53 silly unfinished npm timer build:deps 1784055056635
54 silly unfinished npm timer build:link 1784055056642
55 silly unfinished npm timer build:link:node_modules/@bramus/specificity 1784055056642
56 silly unfinished npm timer build:link:node_modules/tldts 1784055056646
57 verbose cwd /root/uibuilder
58 verbose os Linux 3.18.140-SIMPLE-KERNEL_V1.0
59 verbose node v22.23.0
60 verbose npm  v10.9.1
61 verbose exit -1
62 verbose code -1
63 error A complete log of this run can be found in: /root/.npm/_logs/2026-07-14T18_50_47_159Z-debug-0.log
